This is pdfTeXk, Version 3.1415926-1.40.9 (Web2C 7.5.7) (format=pdflatex 2009.3.26)  17 MAR 2010 16:05
entering extended mode
 %&-line parsing enabled.
**playerstage_instructions_STAGE320.tex
(./playerstage_instructions_STAGE320.tex
LaTeX2e <2005/12/01>
Babel <v3.8l> and hyphenation patterns for english, usenglishmax, dumylang, noh
yphenation, german-x-2008-06-18, ngerman-x-2008-06-18, ancientgreek, ibycus, ar
abic, basque, bulgarian, catalan, pinyin, coptic, croatian, czech, danish, dutc
h, esperanto, estonian, farsi, finnish, french, galician, german, ngerman, mono
greek, greek, hungarian, icelandic, indonesian, interlingua, irish, italian, la
tin, lithuanian, mongolian, mongolian2a, bokmal, nynorsk, polish, portuguese, r
omanian, russian, sanskrit, serbian, slovak, slovenian, spanish, swedish, turki
sh, ukenglish, ukrainian, uppersorbian, welsh, loaded.
(/usr/local/pkg/texlive-2008-i686-1/texmf-dist/tex/latex/base/report.cls
Document Class: report 2005/09/16 v1.4f Standard LaTeX document class
(/usr/local/pkg/texlive-2008-i686-1/texmf-dist/tex/latex/base/size10.clo
File: size10.clo 2005/09/16 v1.4f Standard LaTeX file (size option)
)
\c@part=\count79
\c@chapter=\count80
\c@section=\count81
\c@subsection=\count82
\c@subsubsection=\count83
\c@paragraph=\count84
\c@subparagraph=\count85
\c@figure=\count86
\c@table=\count87
\abovecaptionskip=\skip41
\belowcaptionskip=\skip42
\bibindent=\dimen102
)
(/usr/local/pkg/texlive-2008-i686-1/texmf-dist/tex/latex/tools/xspace.sty
Package: xspace 2006/05/08 v1.12 Space after command names (DPC,MH)
)
(/usr/local/pkg/texlive-2008-i686-1/texmf-dist/tex/latex/graphics/graphicx.sty
Package: graphicx 1999/02/16 v1.0f Enhanced LaTeX Graphics (DPC,SPQR)

(/usr/local/pkg/texlive-2008-i686-1/texmf-dist/tex/latex/graphics/keyval.sty
Package: keyval 1999/03/16 v1.13 key=value parser (DPC)
\KV@toks@=\toks14
)
(/usr/local/pkg/texlive-2008-i686-1/texmf-dist/tex/latex/graphics/graphics.sty
Package: graphics 2006/02/20 v1.0o Standard LaTeX Graphics (DPC,SPQR)

(/usr/local/pkg/texlive-2008-i686-1/texmf-dist/tex/latex/graphics/trig.sty
Package: trig 1999/03/16 v1.09 sin cos tan (DPC)
)
(/usr/local/pkg/texlive-2008-i686-1/texmf/tex/latex/config/graphics.cfg
File: graphics.cfg 2007/01/18 v1.5 graphics configuration of teTeX/TeXLive
)
Package graphics Info: Driver file: pdftex.def on input line 90.

(/usr/local/pkg/texlive-2008-i686-1/texmf-dist/tex/latex/pdftex-def/pdftex.def
File: pdftex.def 2008/09/08 v0.04l Graphics/color for pdfTeX
\Gread@gobject=\count88
))
\Gin@req@height=\dimen103
\Gin@req@width=\dimen104
) (/usr/local/pkg/texlive-2008-i686-1/texmf-dist/tex/latex/tools/verbatim.sty
Package: verbatim 2003/08/22 v1.5q LaTeX2e package for verbatim enhancements
\every@verbatim=\toks15
\verbatim@line=\toks16
\verbatim@in@stream=\read1
) (/usr/local/pkg/texlive-2008-i686-1/texmf-dist/tex/latex/ltxmisc/url.sty
\Urlmuskip=\muskip10
Package: url 2006/04/12  ver 3.3  Verb mode for urls, etc.
)
(./playerstage_instructions_STAGE320.aux)
\openout1 = `playerstage_instructions_STAGE320.aux'.

LaTeX Font Info:    Checking defaults for OML/cmm/m/it on input line 14.
LaTeX Font Info:    ... okay on input line 14.
LaTeX Font Info:    Checking defaults for T1/cmr/m/n on input line 14.
LaTeX Font Info:    ... okay on input line 14.
LaTeX Font Info:    Checking defaults for OT1/cmr/m/n on input line 14.
LaTeX Font Info:    ... okay on input line 14.
LaTeX Font Info:    Checking defaults for OMS/cmsy/m/n on input line 14.
LaTeX Font Info:    ... okay on input line 14.
LaTeX Font Info:    Checking defaults for OMX/cmex/m/n on input line 14.
LaTeX Font Info:    ... okay on input line 14.
LaTeX Font Info:    Checking defaults for U/cmr/m/n on input line 14.
LaTeX Font Info:    ... okay on input line 14.

(/usr/local/pkg/texlive-2008-i686-1/texmf-dist/tex/context/base/supp-pdf.tex
[Loading MPS to PDF converter (version 2006.09.02).]
\scratchcounter=\count89
\scratchdimen=\dimen105
\scratchbox=\box26
\nofMPsegments=\count90
\nofMParguments=\count91
\everyMPshowfont=\toks17
\MPscratchCnt=\count92
\MPscratchDim=\dimen106
\MPnumerator=\count93
\everyMPtoPDFconversion=\toks18
)
LaTeX Font Info:    External font `cmex10' loaded for size
(Font)              <12> on input line 16.
LaTeX Font Info:    External font `cmex10' loaded for size
(Font)              <8> on input line 16.
LaTeX Font Info:    External font `cmex10' loaded for size
(Font)              <6> on input line 16.
 [1

{/usr/local/var/texlive-2008-i686-1/fonts/map/pdftex/updmap/pdftex.map}]
LaTeX Font Info:    External font `cmex10' loaded for size
(Font)              <7> on input line 22.
LaTeX Font Info:    External font `cmex10' loaded for size
(Font)              <5> on input line 22.

Overfull \hbox (15.30534pt too wide) in paragraph at lines 26--27
[]\OT1/cmr/m/n/10 The code list-ings from this doc-u-ment can be down-loaded fr
om $\OT1/cmtt/m/n/10 www . jenny-[]owen .
 []

[1] (./playerstage_instructions_STAGE320.toc)
\tf@toc=\write3
\openout3 = `playerstage_instructions_STAGE320.toc'.

 [2

]
Chapter 1.
LaTeX Font Info:    Try loading font information for OMS+cmr on input line 41.
(/usr/local/pkg/texlive-2008-i686-1/texmf-dist/tex/latex/base/omscmr.fd
File: omscmr.fd 1999/05/25 v2.5h Standard LaTeX font definitions
)
LaTeX Font Info:    Font shape `OMS/cmr/m/n' in size <10> not available
(Font)              Font shape `OMS/cmsy/m/n' tried instead on input line 41.

[3

] [4]
Chapter 2.
[5

]
Overfull \hbox (34.36722pt too wide) in paragraph at lines 96--97
[]\OT1/cmr/m/n/10 The fields in this ad-dress cor-re-spond to the en-tries in t
he []
 []


LaTeX Warning: Reference `sec:WritingConfigurationFile' on page 6 undefined on 
input line 98.

[6] [7]
Chapter 3.
<./pics/simpleworld.png, id=38, 645.41125pt x 696.6025pt>
File: ./pics/simpleworld.png Graphic file (type png)

<use ./pics/simpleworld.png>

LaTeX Warning: Reference `sec:buildingRobot' on page 8 undefined on input line 
114.


LaTeX Warning: Reference `sec:WritingConfigurationFile' on page 8 undefined on 
input line 134.

[8

] [9 <./pics/simpleworld.png>] [10]
Overfull \hbox (9.32468pt too wide) in paragraph at lines 172--173
\OT1/cmr/m/n/10 the model. Here it is 0, so you can-not move the map model once
 Player/Stage
 []


LaTeX Warning: Reference `sec:robotSensors' on page 11 undefined on input line 
176.


Overfull \hbox (17.1649pt too wide) in paragraph at lines 177--178
[][]\OT1/cmtt/m/n/10 gripper_return\OT1/cmr/m/n/10 : Like []\OT1/cmtt/m/n/10 fi
ducial_return\OT1/cmr/m/n/10 , []\OT1/cmtt/m/n/10 gripper_return \OT1/cmr/m/n/1
0 tells Player/Stage
 []

<./pics/empty_world/gui_nonose_example.png, id=50, 710.655pt x 733.74126pt>
File: ./pics/empty_world/gui_nonose_example.png Graphic file (type png)

<use ./pics/empty_world/gui_nonose_example.png>
<./pics/empty_world/gui_nose_example.png, id=51, 710.655pt x 733.74126pt>
File: ./pics/empty_world/gui_nose_example.png Graphic file (type png)

<use ./pics/empty_world/gui_nose_example.png>
File: ./pics/empty_world/gui_nonose_example.png Graphic file (type png)

<use ./pics/empty_world/gui_nonose_example.png> [11] [12 <./pics/empty_world/gu
i_nonose_example.png> <./pics/empty_world/gui_nose_example.png>]
<./pics/empty_world/writing.png, id=61, 534.99875pt x 98.3675pt>
File: ./pics/empty_world/writing.png Graphic file (type png)

<use ./pics/empty_world/writing.png>
<./pics/empty_world/helloworld.png, id=62, 409.53pt x 329.23pt>
File: ./pics/empty_world/helloworld.png Graphic file (type png)

<use ./pics/empty_world/helloworld.png>

LaTeX Warning: Reference `sec:buildingRobot' on page 13 undefined on input line
 237.


Overfull \hbox (8.77835pt too wide) in paragraph at lines 242--243
\OT1/cmr/m/n/10 The world-file also can be used to de-scribe the sim-u-la-tion 
win-dow that Player/Stage
 []

[13 <./pics/empty_world/writing.png> <./pics/empty_world/helloworld.png>]
[14] <./pics/empty_world/finalEmptyWorld.png, id=73, 710.655pt x 730.73pt>
File: ./pics/empty_world/finalEmptyWorld.png Graphic file (type png)

<use ./pics/empty_world/finalEmptyWorld.png> [15 <./pics/empty_world/finalEmpty
World.png>] (./playerstage_instructions_STAGE320.aux)

LaTeX Warning: There were undefined references.

 ) 
Here is how much of TeX's memory you used:
 1128 strings out of 493876
 16027 string characters out of 1146651
 67743 words of memory out of 3000000
 4425 multiletter control sequences out of 10000+50000
 9621 words of font info for 34 fonts, out of 3000000 for 5000
 714 hyphenation exceptions out of 8191
 25i,8n,19p,1223b,265s stack positions out of 5000i,500n,10000p,200000b,50000s
</usr/local/pkg/texlive-2008-i686-1/texmf-dist/fonts/type1/bluesky/cm/cmbx10.
pfb></usr/local/pkg/texlive-2008-i686-1/texmf-dist/fonts/type1/bluesky/cm/cmbx1
2.pfb></usr/local/pkg/texlive-2008-i686-1/texmf-dist/fonts/type1/bluesky/cm/cmm
i10.pfb></usr/local/pkg/texlive-2008-i686-1/texmf-dist/fonts/type1/bluesky/cm/c
mmi7.pfb></usr/local/pkg/texlive-2008-i686-1/texmf-dist/fonts/type1/bluesky/cm/
cmr10.pfb></usr/local/pkg/texlive-2008-i686-1/texmf-dist/fonts/type1/bluesky/cm
/cmr12.pfb></usr/local/pkg/texlive-2008-i686-1/texmf-dist/fonts/type1/bluesky/c
m/cmr17.pfb></usr/local/pkg/texlive-2008-i686-1/texmf-dist/fonts/type1/bluesky/
cm/cmr6.pfb></usr/local/pkg/texlive-2008-i686-1/texmf-dist/fonts/type1/bluesky/
cm/cmr7.pfb></usr/local/pkg/texlive-2008-i686-1/texmf-dist/fonts/type1/bluesky/
cm/cmr8.pfb></usr/local/pkg/texlive-2008-i686-1/texmf-dist/fonts/type1/bluesky/
cm/cmsy10.pfb></usr/local/pkg/texlive-2008-i686-1/texmf-dist/fonts/type1/bluesk
y/cm/cmti10.pfb></usr/local/pkg/texlive-2008-i686-1/texmf-dist/fonts/type1/blue
sky/cm/cmtt10.pfb>
Output written on playerstage_instructions_STAGE320.pdf (16 pages, 213558 bytes
).
PDF statistics:
 119 PDF objects out of 1000 (max. 8388607)
 0 named destinations out of 1000 (max. 131072)
 31 words of extra memory for PDF output out of 10000 (max. 10000000)

